This is pdfTeX, Version 3.14159265-2.6-1.40.17 (MiKTeX 2.9.6100 64-bit) (preloaded format=pdflatex 2016.12.15)  15 MAY 2017 20:46
entering extended mode
**./MPhysMLfinalReport.tex
(MPhysMLfinalReport.tex
LaTeX2e <2016/03/31> patch level 3
Babel <3.9r> and hyphenation patterns for 75 language(s) loaded.
("C:\Program Files\MiKTeX 2.9\tex\latex\base\article.cls"
Document Class: article 2014/09/29 v1.4h Standard LaTeX document class
("C:\Program Files\MiKTeX 2.9\tex\latex\base\size12.clo"
File: size12.clo 2014/09/29 v1.4h Standard LaTeX file (size option)
)
\c@part=\count79
\c@section=\count80
\c@subsection=\count81
\c@subsubsection=\count82
\c@paragraph=\count83
\c@subparagraph=\count84
\c@figure=\count85
\c@table=\count86
\abovecaptionskip=\skip41
\belowcaptionskip=\skip42
\bibindent=\dimen102
)
("C:\Program Files\MiKTeX 2.9\tex\latex\amsmath\amsmath.sty"
Package: amsmath 2016/06/28 v2.15d AMS math features
\@mathmargin=\skip43

For additional information on amsmath, use the `?' option.
("C:\Program Files\MiKTeX 2.9\tex\latex\amsmath\amstext.sty"
Package: amstext 2000/06/29 v2.01 AMS text

("C:\Program Files\MiKTeX 2.9\tex\latex\amsmath\amsgen.sty"
File: amsgen.sty 1999/11/30 v2.0 generic functions
\@emptytoks=\toks14
\ex@=\dimen103
))
("C:\Program Files\MiKTeX 2.9\tex\latex\amsmath\amsbsy.sty"
Package: amsbsy 1999/11/29 v1.2d Bold Symbols
\pmbraise@=\dimen104
)
("C:\Program Files\MiKTeX 2.9\tex\latex\amsmath\amsopn.sty"
Package: amsopn 2016/03/08 v2.02 operator names
)
\inf@bad=\count87
LaTeX Info: Redefining \frac on input line 199.
\uproot@=\count88
\leftroot@=\count89
LaTeX Info: Redefining \overline on input line 297.
\classnum@=\count90
\DOTSCASE@=\count91
LaTeX Info: Redefining \ldots on input line 394.
LaTeX Info: Redefining \dots on input line 397.
LaTeX Info: Redefining \cdots on input line 518.
\Mathstrutbox@=\box26
\strutbox@=\box27
\big@size=\dimen105
LaTeX Font Info:    Redeclaring font encoding OML on input line 634.
LaTeX Font Info:    Redeclaring font encoding OMS on input line 635.


Package amsmath Warning: Unable to redefine math accent \vec.

\macc@depth=\count92
\c@MaxMatrixCols=\count93
\dotsspace@=\muskip10
\c@parentequation=\count94
\dspbrk@lvl=\count95
\tag@help=\toks15
\row@=\count96
\column@=\count97
\maxfields@=\count98
\andhelp@=\toks16
\eqnshift@=\dimen106
\alignsep@=\dimen107
\tagshift@=\dimen108
\tagwidth@=\dimen109
\totwidth@=\dimen110
\lineht@=\dimen111
\@envbody=\toks17
\multlinegap=\skip44
\multlinetaggap=\skip45
\mathdisplay@stack=\toks18
LaTeX Info: Redefining \[ on input line 2739.
LaTeX Info: Redefining \] on input line 2740.
) ("C:\Program Files\MiKTeX 2.9\tex\latex\amsfonts\amssymb.sty"
Package: amssymb 2013/01/14 v3.01 AMS font symbols

("C:\Program Files\MiKTeX 2.9\tex\latex\amsfonts\amsfonts.sty"
Package: amsfonts 2013/01/14 v3.01 Basic AMSFonts support
\symAMSa=\mathgroup4
\symAMSb=\mathgroup5
LaTeX Font Info:    Overwriting math alphabet `\mathfrak' in version `bold'
(Font)                  U/euf/m/n --> U/euf/b/n on input line 106.
))
("C:\Program Files\MiKTeX 2.9\tex\latex\tools\multicol.sty"
Package: multicol 2016/04/07 v1.8p multicolumn formatting (FMi)
\c@tracingmulticols=\count99
\mult@box=\box28
\multicol@leftmargin=\dimen112
\c@unbalance=\count100
\c@collectmore=\count101
\doublecol@number=\count102
\multicoltolerance=\count103
\multicolpretolerance=\count104
\full@width=\dimen113
\page@free=\dimen114
\premulticols=\dimen115
\postmulticols=\dimen116
\multicolsep=\skip46
\multicolbaselineskip=\skip47
\partial@page=\box29
\last@line=\box30
\maxbalancingoverflow=\dimen117
\mult@rightbox=\box31
\mult@grightbox=\box32
\mult@gfirstbox=\box33
\mult@firstbox=\box34
\@tempa=\box35
\@tempa=\box36
\@tempa=\box37
\@tempa=\box38
\@tempa=\box39
\@tempa=\box40
\@tempa=\box41
\@tempa=\box42
\@tempa=\box43
\@tempa=\box44
\@tempa=\box45
\@tempa=\box46
\@tempa=\box47
\@tempa=\box48
\@tempa=\box49
\@tempa=\box50
\@tempa=\box51
\c@columnbadness=\count105
\c@finalcolumnbadness=\count106
\last@try=\dimen118
\multicolovershoot=\dimen119
\multicolundershoot=\dimen120
\mult@nat@firstbox=\box52
\colbreak@box=\box53
\mc@col@check@num=\count107
)
("C:\Program Files\MiKTeX 2.9\tex\latex\caption\caption.sty"
Package: caption 2016/02/21 v3.3-144 Customizing captions (AR)

("C:\Program Files\MiKTeX 2.9\tex\latex\caption\caption3.sty"
Package: caption3 2016/05/22 v1.7-166 caption3 kernel (AR)
Package caption3 Info: TeX engine: e-TeX on input line 67.

("C:\Program Files\MiKTeX 2.9\tex\latex\graphics\keyval.sty"
Package: keyval 2014/10/28 v1.15 key=value parser (DPC)
\KV@toks@=\toks19
)
\captionmargin=\dimen121
\captionmargin@=\dimen122
\captionwidth=\dimen123
\caption@tempdima=\dimen124
\caption@indent=\dimen125
\caption@parindent=\dimen126
\caption@hangindent=\dimen127
)
\c@ContinuedFloat=\count108
)
("C:\Program Files\MiKTeX 2.9\tex\latex\tools\enumerate.sty"
Package: enumerate 2015/07/23 v3.00 enumerate extensions (DPC)
\@enLab=\toks20
)
("C:\Program Files\MiKTeX 2.9\tex\latex\enumitem\enumitem.sty"
Package: enumitem 2011/09/28 v3.5.2 Customized lists
\labelindent=\skip48
\enit@outerparindent=\dimen128
\enit@toks=\toks21
\enit@inbox=\box54
\enitdp@description=\count109
)
("C:\Program Files\MiKTeX 2.9\tex\latex\graphics\graphicx.sty"
Package: graphicx 2014/10/28 v1.0g Enhanced LaTeX Graphics (DPC,SPQR)

("C:\Program Files\MiKTeX 2.9\tex\latex\graphics\graphics.sty"
Package: graphics 2016/07/10 v1.0t Standard LaTeX Graphics (DPC,SPQR)

("C:\Program Files\MiKTeX 2.9\tex\latex\graphics\trig.sty"
Package: trig 2016/01/03 v1.10 sin cos tan (DPC)
)
("C:\Program Files\MiKTeX 2.9\tex\latex\graphics-cfg\graphics.cfg"
File: graphics.cfg 2016/06/04 v1.11 sample graphics configuration
)
Package graphics Info: Driver file: pdftex.def on input line 99.

("C:\Program Files\MiKTeX 2.9\tex\latex\graphics-def\pdftex.def"
File: pdftex.def 2016/07/10 v0.06j Graphics/color for pdfTeX

("C:\Program Files\MiKTeX 2.9\tex\generic\oberdiek\infwarerr.sty"
Package: infwarerr 2016/05/16 v1.4 Providing info/warning/error messages (HO)
)
("C:\Program Files\MiKTeX 2.9\tex\generic\oberdiek\ltxcmds.sty"
Package: ltxcmds 2016/05/16 v1.23 LaTeX kernel commands for general use (HO)
)
\Gread@gobject=\count110
))
\Gin@req@height=\dimen129
\Gin@req@width=\dimen130
)
("C:\Program Files\MiKTeX 2.9\tex\latex\oberdiek\epstopdf.sty"
Package: epstopdf 2016/05/15 v2.6 Conversion with epstopdf on the fly (HO)

("C:\Program Files\MiKTeX 2.9\tex\latex\oberdiek\epstopdf-base.sty"
Package: epstopdf-base 2016/05/15 v2.6 Base part for package epstopdf

("C:\Program Files\MiKTeX 2.9\tex\latex\oberdiek\grfext.sty"
Package: grfext 2016/05/16 v1.2 Manage graphics extensions (HO)

("C:\Program Files\MiKTeX 2.9\tex\generic\oberdiek\kvdefinekeys.sty"
Package: kvdefinekeys 2016/05/16 v1.4 Define keys (HO)
))
("C:\Program Files\MiKTeX 2.9\tex\latex\oberdiek\kvoptions.sty"
Package: kvoptions 2016/05/16 v3.12 Key value format for package options (HO)

("C:\Program Files\MiKTeX 2.9\tex\generic\oberdiek\kvsetkeys.sty"
Package: kvsetkeys 2016/05/16 v1.17 Key value parser (HO)

("C:\Program Files\MiKTeX 2.9\tex\generic\oberdiek\etexcmds.sty"
Package: etexcmds 2016/05/16 v1.6 Avoid name clashes with e-TeX commands (HO)

("C:\Program Files\MiKTeX 2.9\tex\generic\oberdiek\ifluatex.sty"
Package: ifluatex 2016/05/16 v1.4 Provides the ifluatex switch (HO)
Package ifluatex Info: LuaTeX not detected.
)
Package etexcmds Info: Could not find \expanded.
(etexcmds)             That can mean that you are not using pdfTeX 1.50 or
(etexcmds)             that some package has redefined \expanded.
(etexcmds)             In the latter case, load this package earlier.
)))
("C:\Program Files\MiKTeX 2.9\tex\generic\oberdiek\pdftexcmds.sty"
Package: pdftexcmds 2016/05/21 v0.22 Utility functions of pdfTeX for LuaTeX (HO
)

("C:\Program Files\MiKTeX 2.9\tex\generic\oberdiek\ifpdf.sty"
Package: ifpdf 2016/05/14 v3.1 Provides the ifpdf switch
)
Package pdftexcmds Info: LuaTeX not detected.
Package pdftexcmds Info: \pdf@primitive is available.
Package pdftexcmds Info: \pdf@ifprimitive is available.
Package pdftexcmds Info: \pdfdraftmode found.
)
Package epstopdf-base Info: Redefining graphics rule for `.eps' on input line 4
38.
Package grfext Info: Graphics extension search list:
(grfext)             [.png,.pdf,.jpg,.mps,.jpeg,.jbig2,.jb2,.PNG,.PDF,.JPG,.JPE
G,.JBIG2,.JB2,.eps]
(grfext)             \AppendGraphicsExtensions on input line 456.
))
("C:\Program Files\MiKTeX 2.9\tex\latex\sectsty\sectsty.sty"
Package: sectsty 2002/02/25 v2.0.2 Commands to change all sectional heading sty
les
)
("C:\Program Files\MiKTeX 2.9\tex\latex\titlesec\titlesec.sty"
Package: titlesec 2016/03/21 v2.10.2 Sectioning titles
\ttl@box=\box55
\beforetitleunit=\skip49
\aftertitleunit=\skip50
\ttl@plus=\dimen131
\ttl@minus=\dimen132
\ttl@toksa=\toks22
\titlewidth=\dimen133
\titlewidthlast=\dimen134
\titlewidthfirst=\dimen135
)
("C:\Program Files\MiKTeX 2.9\tex\latex\geometry\geometry.sty"
Package: geometry 2010/09/12 v5.6 Page Geometry

("C:\Program Files\MiKTeX 2.9\tex\generic\oberdiek\ifvtex.sty"
Package: ifvtex 2016/05/16 v1.6 Detect VTeX and its facilities (HO)
Package ifvtex Info: VTeX not detected.
)
("C:\Program Files\MiKTeX 2.9\tex\generic\ifxetex\ifxetex.sty"
Package: ifxetex 2010/09/12 v0.6 Provides ifxetex conditional
)
\Gm@cnth=\count111
\Gm@cntv=\count112
\c@Gm@tempcnt=\count113
\Gm@bindingoffset=\dimen136
\Gm@wd@mp=\dimen137
\Gm@odd@mp=\dimen138
\Gm@even@mp=\dimen139
\Gm@layoutwidth=\dimen140
\Gm@layoutheight=\dimen141
\Gm@layouthoffset=\dimen142
\Gm@layoutvoffset=\dimen143
\Gm@dimlist=\toks23

("C:\Program Files\MiKTeX 2.9\tex\latex\geometry\geometry.cfg"))
(MPhysMLfinalReport.aux)
\openout1 = `MPhysMLfinalReport.aux'.

LaTeX Font Info:    Checking defaults for OML/cmm/m/it on input line 42.
LaTeX Font Info:    ... okay on input line 42.
LaTeX Font Info:    Checking defaults for T1/cmr/m/n on input line 42.
LaTeX Font Info:    ... okay on input line 42.
LaTeX Font Info:    Checking defaults for OT1/cmr/m/n on input line 42.
LaTeX Font Info:    ... okay on input line 42.
LaTeX Font Info:    Checking defaults for OMS/cmsy/m/n on input line 42.
LaTeX Font Info:    ... okay on input line 42.
LaTeX Font Info:    Checking defaults for OMX/cmex/m/n on input line 42.
LaTeX Font Info:    ... okay on input line 42.
LaTeX Font Info:    Checking defaults for U/cmr/m/n on input line 42.
LaTeX Font Info:    ... okay on input line 42.
Package caption Info: Begin \AtBeginDocument code.
Package caption Info: End \AtBeginDocument code.

("C:\Program Files\MiKTeX 2.9\tex\context\base\supp-pdf.mkii"
[Loading MPS to PDF converter (version 2006.09.02).]
\scratchcounter=\count114
\scratchdimen=\dimen144
\scratchbox=\box56
\nofMPsegments=\count115
\nofMParguments=\count116
\everyMPshowfont=\toks24
\MPscratchCnt=\count117
\MPscratchDim=\dimen145
\MPnumerator=\count118
\makeMPintoPDFobject=\count119
\everyMPtoPDFconversion=\toks25
)
*geometry* detected driver: dvips
*geometry* verbose mode - [ preamble ] result:
* driver: dvips
* paper: a4paper
* layout: <same size as paper>
* layoutoffset:(h,v)=(0.0pt,0.0pt)
* modes: 
* h-part:(L,W,R)=(85.35826pt, 426.79135pt, 85.35826pt)
* v-part:(T,H,B)=(43.81705pt, 708.75835pt, 92.47145pt)
* \paperwidth=597.50787pt
* \paperheight=845.04684pt
* \textwidth=426.79135pt
* \textheight=708.75835pt
* \oddsidemargin=13.08827pt
* \evensidemargin=13.08827pt
* \topmargin=-65.45294pt
* \headheight=12.0pt
* \headsep=25.0pt
* \topskip=12.0pt
* \footskip=30.0pt
* \marginparwidth=44.0pt
* \marginparsep=10.0pt
* \columnsep=10.0pt
* \skip\footins=10.8pt plus 4.0pt minus 2.0pt
* \hoffset=0.0pt
* \voffset=0.0pt
* \mag=1000
* \@twocolumnfalse
* \@twosidefalse
* \@mparswitchfalse
* \@reversemarginfalse
* (1in=72.27pt=25.4mm, 1cm=28.453pt)

LaTeX Font Info:    Try loading font information for OT1+ptm on input line 56.
("C:\Program Files\MiKTeX 2.9\tex\latex\psnfss\ot1ptm.fd"
File: ot1ptm.fd 2001/06/04 font definitions for OT1/ptm.
)
LaTeX Font Info:    Font shape `OT1/ptm/bx/n' in size <12> not available
(Font)              Font shape `OT1/ptm/b/n' tried instead on input line 56.
 [0
Non-PDF special ignored!

{C:/ProgramData/MiKTeX/2.9/pdftex/config/pdftex.map}]
LaTeX Font Info:    Try loading font information for U+msa on input line 70.

("C:\Program Files\MiKTeX 2.9\tex\latex\amsfonts\umsa.fd"
File: umsa.fd 2013/01/14 v3.01 AMS symbols A
)
LaTeX Font Info:    Try loading font information for U+msb on input line 70.

("C:\Program Files\MiKTeX 2.9\tex\latex\amsfonts\umsb.fd"
File: umsb.fd 2013/01/14 v3.01 AMS symbols B
) [1]
<d86fcccd-97ed-47c4-9128-37284853d1bb_001.png, id=12, 803.0pt x 602.25pt>
File: d86fcccd-97ed-47c4-9128-37284853d1bb_001.png Graphic file (type png)

<use d86fcccd-97ed-47c4-9128-37284853d1bb_001.png>
Package pdftex.def Info: d86fcccd-97ed-47c4-9128-37284853d1bb_001.png used on i
nput line 85.
(pdftex.def)             Requested size: 321.1943pt x 240.89572pt.


LaTeX Warning: `!h' float specifier changed to `!ht'.

[2] [3 <./d86fcccd-97ed-47c4-9128-37284853d1bb_001.png (PNG copy)>]
<lorimer_freq_vs_time.png, id=24, 677.53125pt x 530.98375pt>
File: lorimer_freq_vs_time.png Graphic file (type png)

<use lorimer_freq_vs_time.png>
Package pdftex.def Info: lorimer_freq_vs_time.png used on input line 116.
(pdftex.def)             Requested size: 271.00769pt x 212.38972pt.
 [4 <./lorimer_freq_vs_time.png>]
LaTeX Font Info:    Try loading font information for OMS+cmr on input line 134.


("C:\Program Files\MiKTeX 2.9\tex\latex\base\omscmr.fd"
File: omscmr.fd 2014/09/29 v2.5h Standard LaTeX font definitions
)
LaTeX Font Info:    Font shape `OMS/cmr/m/n' in size <12> not available
(Font)              Font shape `OMS/cmsy/m/n' tried instead on input line 134.
 [5]
LaTeX Font Info:    Try loading font information for OML+cmr on input line 148.


("C:\Program Files\MiKTeX 2.9\tex\latex\base\omlcmr.fd"
File: omlcmr.fd 2014/09/29 v2.5h Standard LaTeX font definitions
)
LaTeX Font Info:    Font shape `OML/cmr/m/n' in size <12> not available
(Font)              Font shape `OML/cmm/m/it' tried instead on input line 148.

<HR_0222-44_injected.png, id=35, 1027.84pt x 770.88pt>
File: HR_0222-44_injected.png Graphic file (type png)

<use HR_0222-44_injected.png>
Package pdftex.def Info: HR_0222-44_injected.png used on input line 163.
(pdftex.def)             Requested size: 411.12872pt x 308.34654pt.


LaTeX Warning: `!h' float specifier changed to `!ht'.

[6] [7 <./HR_0222-44_injected.png>] [8]
<overfitting.jpg, id=49, 1232.605pt x 480.79625pt>
File: overfitting.jpg Graphic file (type jpg)
 <use overfitting.jpg>
Package pdftex.def Info: overfitting.jpg used on input line 256.
(pdftex.def)             Requested size: 369.78435pt x 144.23997pt.


LaTeX Warning: `!h' float specifier changed to `!ht'.

[9] [10 <./overfitting.jpg>] [11] [12]
<itree.png, id=64, 389.20406pt x 545.03625pt>
File: itree.png Graphic file (type png)
 <use itree.png>
Package pdftex.def Info: itree.png used on input line 379.
(pdftex.def)             Requested size: 272.44098pt x 381.52278pt.


LaTeX Warning: `!h' float specifier changed to `!ht'.

[13] [14 <./itree.png>] <svm.png, id=71, 398.23781pt x 388.45125pt>
File: svm.png Graphic file (type png)

<use svm.png>
Package pdftex.def Info: svm.png used on input line 403.
(pdftex.def)             Requested size: 199.11841pt x 194.22514pt.
 [15 <./svm.png>]
Missing character: There is no â in font cmr12!
Missing character: There is no ˆ in font cmr12!
Missing character: There is no ’ in font cmr12!
Missing character: There is no â in font cmr12!
Missing character: There is no ˆ in font cmr12!
Missing character: There is no ’ in font cmr12!
Missing character: There is no â in font cmr12!
Missing character: There is no ˆ in font cmr12!
Missing character: There is no ’ in font cmr12!
 [16]
<HTRU2_noise(b)_psr(g)_dm_mean_vs_stddev.png, id=81, 578.16pt x 430.0065pt>
File: HTRU2_noise(b)_psr(g)_dm_mean_vs_stddev.png Graphic file (type png)

<use HTRU2_noise(b)_psr(g)_dm_mean_vs_stddev.png>
Package pdftex.def Info: HTRU2_noise(b)_psr(g)_dm_mean_vs_stddev.png used on in
put line 453.
(pdftex.def)             Requested size: 289.07928pt x 215.00272pt.
 [17 <./HTRU2_noise(b)_psr(g)_dm_mean_vs_stddev.png>]
<HTRU2_msp(b)_sim_r3(g)_dm_mean_vs_stddev.png, id=86, 578.16pt x 430.0065pt>
File: HTRU2_msp(b)_sim_r3(g)_dm_mean_vs_stddev.png Graphic file (type png)

<use HTRU2_msp(b)_sim_r3(g)_dm_mean_vs_stddev.png>
Package pdftex.def Info: HTRU2_msp(b)_sim_r3(g)_dm_mean_vs_stddev.png used on i
nput line 464.
(pdftex.def)             Requested size: 289.07928pt x 215.00272pt.


LaTeX Warning: `!h' float specifier changed to `!ht'.

[18 <./HTRU2_msp(b)_sim_r3(g)_dm_mean_vs_stddev.png>]

LaTeX Warning: No positions in optional float specifier.
               Default added (so using `tbp') on input line 494.

<acc_vs_period_v2_zoom.png, id=92, 1174.3875pt x 508.0581pt>
File: acc_vs_period_v2_zoom.png Graphic file (type png)

<use acc_vs_period_v2_zoom.png>
Package pdftex.def Info: acc_vs_period_v2_zoom.png used on input line 515.
(pdftex.def)             Requested size: 352.31897pt x 152.4186pt.


LaTeX Warning: `!h' float specifier changed to `!ht'.

[19]

LaTeX Warning: No positions in optional float specifier.
               Default added (so using `tbp') on input line 532.

<2roc_frb.png, id=96, 709.90219pt x 697.8572pt>
File: 2roc_frb.png Graphic file (type png)
 <use 2roc_frb.png>
Package pdftex.def Info: 2roc_frb.png used on input line 554.
(pdftex.def)             Requested size: 354.95023pt x 348.92773pt.


LaTeX Warning: `!h' float specifier changed to `!ht'.

[20 <./acc_vs_period_v2_zoom.png>] [21 <./2roc_frb.png>]
<prec_recall_cutoff.png, id=104, 709.90219pt x 700.11563pt>
File: prec_recall_cutoff.png Graphic file (type png)

<use prec_recall_cutoff.png>
Package pdftex.def Info: prec_recall_cutoff.png used on input line 567.
(pdftex.def)             Requested size: 283.95584pt x 280.04129pt.

<htru2_roc.png, id=105, 706.89093pt x 696.35156pt>
File: htru2_roc.png Graphic file (type png)
 <use htru2_roc.png>
Package pdftex.def Info: htru2_roc.png used on input line 575.
(pdftex.def)             Requested size: 282.75136pt x 278.53569pt.


LaTeX Warning: `!h' float specifier changed to `!ht'.

<pulsar_period_hist.png, id=106, 857.1222pt x 433.62pt>
File: pulsar_period_hist.png Graphic file (type png)

<use pulsar_period_hist.png>
Package pdftex.def Info: pulsar_period_hist.png used on input line 588.
(pdftex.def)             Requested size: 342.8428pt x 173.44492pt.


LaTeX Warning: `!h' float specifier changed to `!ht'.

[22 <./prec_recall_cutoff.png>] [23 <./htru2_roc.png> <./pulsar_period_hist.png
>] <noise_ratio_vs_period_cutoff_zoom.png, id=114, 578.16pt x 433.62pt>
File: noise_ratio_vs_period_cutoff_zoom.png Graphic file (type png)

<use noise_ratio_vs_period_cutoff_zoom.png>
Package pdftex.def Info: noise_ratio_vs_period_cutoff_zoom.png used on input li
ne 608.
(pdftex.def)             Requested size: 289.07928pt x 216.80946pt.


LaTeX Warning: `!h' float specifier changed to `!ht'.

<classifier_contours.png, id=115, 477.28313pt x 709.14937pt>
File: classifier_contours.png Graphic file (type png)

<use classifier_contours.png>
Package pdftex.def Info: classifier_contours.png used on input line 621.
(pdftex.def)             Requested size: 238.64098pt x 354.57382pt.


LaTeX Warning: `!h' float specifier changed to `!ht'.

[24] [25 <./noise_ratio_vs_period_cutoff_zoom.png>] [26 <./classifier_contours.
png>] [27] (MPhysMLfinalReport.bbl [28]) [29]
<2013-04-18-10_28_44_02_fil_095.png, id=137, 803.0pt x 602.25pt>
File: 2013-04-18-10_28_44_02_fil_095.png Graphic file (type png)

<use 2013-04-18-10_28_44_02_fil_095.png>
Package pdftex.def Info: 2013-04-18-10_28_44_02_fil_095.png used on input line 
688.
(pdftex.def)             Requested size: 321.1943pt x 240.89572pt.


LaTeX Warning: `!h' float specifier changed to `!ht'.


<HTRU2_msp(b)_non_msp(r)_sim_r3(g)_dm_mean_vs_skew.png, id=138, 578.16pt x 430.
0065pt>
File: HTRU2_msp(b)_non_msp(r)_sim_r3(g)_dm_mean_vs_skew.png Graphic file (type 
png)
 <use HTRU2_msp(b)_non_msp(r)_sim_r3(g)_dm_mean_vs_skew.png>
Package pdftex.def Info: HTRU2_msp(b)_non_msp(r)_sim_r3(g)_dm_mean_vs_skew.png 
used on input line 696.
(pdftex.def)             Requested size: 289.07928pt x 215.00272pt.


LaTeX Warning: `!h' float specifier changed to `!ht'.


<HTRU2_msp(b)_non_msp(r)_sim_r5(g)_dm_mean_vs_skew.png, id=139, 578.16pt x 430.
0065pt>
File: HTRU2_msp(b)_non_msp(r)_sim_r5(g)_dm_mean_vs_skew.png Graphic file (type 
png)
 <use HTRU2_msp(b)_non_msp(r)_sim_r5(g)_dm_mean_vs_skew.png>
Package pdftex.def Info: HTRU2_msp(b)_non_msp(r)_sim_r5(g)_dm_mean_vs_skew.png 
used on input line 704.
(pdftex.def)             Requested size: 289.07928pt x 215.00272pt.


LaTeX Warning: `!h' float specifier changed to `!ht'.

[30] [31 <./2013-04-18-10_28_44_02_fil_095.png (PNG copy)> <./HTRU2_msp(b)_non_
msp(r)_sim_r3(g)_dm_mean_vs_skew.png>] [32 <./HTRU2_msp(b)_non_msp(r)_sim_r5(g)
_dm_mean_vs_skew.png>] (MPhysMLfinalReport.aux) ) 
Here is how much of TeX's memory you used:
 4971 strings out of 493333
 74647 string characters out of 3139196
 146290 words of memory out of 3000000
 8400 multiletter control sequences out of 15000+200000
 15165 words of font info for 52 fonts, out of 3000000 for 9000
 1141 hyphenation exceptions out of 8191
 42i,9n,39p,1329b,509s stack positions out of 5000i,500n,10000p,200000b,50000s
{C:/Program Files/MiKTeX 2.9/f
onts/enc/dvips/base/8r.enc}<C:/Program Files/MiKTeX 2.9/fonts/type1/public/amsf
onts/cm/cmbx12.pfb><C:/Program Files/MiKTeX 2.9/fonts/type1/public/amsfonts/cm/
cmbx8.pfb><C:/Program Files/MiKTeX 2.9/fonts/type1/public/amsfonts/cm/cmex10.pf
b><C:/Program Files/MiKTeX 2.9/fonts/type1/public/amsfonts/cm/cmmi10.pfb><C:/Pr
ogram Files/MiKTeX 2.9/fonts/type1/public/amsfonts/cm/cmmi12.pfb><C:/Program Fi
les/MiKTeX 2.9/fonts/type1/public/amsfonts/cm/cmmi6.pfb><C:/Program Files/MiKTe
X 2.9/fonts/type1/public/amsfonts/cm/cmmi8.pfb><C:/Program Files/MiKTeX 2.9/fon
ts/type1/public/amsfonts/cm/cmr10.pfb><C:/Program Files/MiKTeX 2.9/fonts/type1/
public/amsfonts/cm/cmr12.pfb><C:/Program Files/MiKTeX 2.9/fonts/type1/public/am
sfonts/cm/cmr6.pfb><C:/Program Files/MiKTeX 2.9/fonts/type1/public/amsfonts/cm/
cmr8.pfb><C:/Program Files/MiKTeX 2.9/fonts/type1/public/amsfonts/cm/cmss12.pfb
><C:/Program Files/MiKTeX 2.9/fonts/type1/public/amsfonts/cm/cmsy10.pfb><C:/Pro
gram Files/MiKTeX 2.9/fonts/type1/public/amsfonts/cm/cmsy6.pfb><C:/Program File
s/MiKTeX 2.9/fonts/type1/public/amsfonts/cm/cmsy8.pfb><C:/Program Files/MiKTeX 
2.9/fonts/type1/public/amsfonts/cm/cmti10.pfb><C:/Program Files/MiKTeX 2.9/font
s/type1/public/amsfonts/symbols/msam10.pfb><C:/Program Files/MiKTeX 2.9/fonts/t
ype1/urw/times/utmb8a.pfb>
Output written on MPhysMLfinalReport.pdf (33 pages, 2209167 bytes).
PDF statistics:
 209 PDF objects out of 1000 (max. 8388607)
 0 named destinations out of 1000 (max. 500000)
 91 words of extra memory for PDF output out of 10000 (max. 10000000)

